2025-06-30 12:26:39 Backend running on http://localhost:5000
2025-06-30 12:37:56 Backend running on http://localhost:5000
2025-06-30 12:38:28 Nueva solicitud: GET /api/api/icd10
2025-06-30 12:38:28 Ruta no encontrada: GET /api/api/icd10
2025-06-30 12:43:12 Backend running on http://localhost:5000
2025-06-30 12:44:08 Backend running on http://localhost:5000
2025-06-30 12:44:35 Backend running on http://localhost:5000
2025-06-30 12:44:54 Nueva solicitud: GET /api/api/icd10
2025-06-30 12:44:54 Ruta no encontrada: GET /api/api/icd10
2025-06-30 12:45:21 Nueva solicitud: GET /api/icd10
2025-06-30 12:45:21 Error al obtener ICD10: error: relation "icd10" does not exist )
2025-06-30 12:45:22 Nueva solicitud: GET /favicon.ico
2025-06-30 12:45:22 Ruta no encontrada: GET /favicon.ico
2025-06-30 12:46:51 Backend running on http://localhost:5000
2025-06-30 12:47:01 Nueva solicitud: GET /api/icd10
2025-06-30 12:47:01 Solicitud de ICD10 exitosa
2025-06-30 12:53:52 Backend running on http://localhost:5000
2025-06-30 12:55:19 Nueva solicitud: POST /api/consultations
2025-06-30 12:55:19 Registro de paciente erroneo error: insert or update on table "consultations" violates foreign key constraint "consultations_patient_id_fkey"
2025-06-30 12:56:20 Nueva solicitud: POST /api/consultations
2025-06-30 12:56:21 Registro de paciente erroneo error: insert or update on table "consultations" violates foreign key constraint "consultations_provider_id_fkey"
2025-06-30 12:58:12 Nueva solicitud: POST /api/consultations
2025-06-30 12:58:12 Registro de paciente erroneo error: insert or update on table "consultations" violates foreign key constraint "consultations_provider_id_fkey"
2025-06-30 12:59:25 Nueva solicitud: POST /api/consultations
2025-06-30 12:59:25 Registro de paciente exitoso [object Object]
2025-06-30 13:04:52 Backend running on http://localhost:5000
2025-06-30 13:06:30 Backend running on http://localhost:5000
2025-06-30 13:06:31 Nueva solicitud: POST /api/treatments
2025-06-30 13:06:32 Registro de receta erroneo error: insert or update on table "treatments" violates foreign key constraint "treatments_consultation_id_fkey"
2025-06-30 13:08:56 Nueva solicitud: POST /api/treatments
2025-06-30 13:08:56 Registro de receta exitoso [object Object]
2025-06-30 13:09:55 Backend running on http://localhost:5000
2025-06-30 13:09:58 Nueva solicitud: POST /api/treatments
2025-06-30 13:09:58 Registro de receta exitoso [object Object]
2025-06-30 13:10:16 Backend running on http://localhost:5000
2025-06-30 13:10:18 Nueva solicitud: POST /api/treatments
2025-06-30 13:10:18 Registro de receta exitoso [object Object]
2025-06-30 13:25:11 Backend running on http://localhost:5000
2025-06-30 13:25:12 Nueva solicitud: POST /api/login
2025-06-30 13:25:12 Intento de login fallido: Usuario no encontrado - admin
2025-06-30 13:32:00 Backend running on http://localhost:5000
2025-06-30 13:32:03 Nueva solicitud: POST /api/login
2025-06-30 13:32:04 Login exitoso: user se ha autenticado correctamente
2025-06-30 13:32:19 Nueva solicitud: POST /api/login
2025-06-30 13:32:19 Login exitoso: user se ha autenticado correctamente
2025-06-30 13:38:21 Backend running on http://localhost:5000
2025-06-30 13:38:22 Nueva solicitud: POST /api/login
2025-06-30 13:38:22 Login exitoso: user se ha autenticado correctamente
2025-06-30 13:38:33 Nueva solicitud: POST /api/login
2025-06-30 13:38:33 Login exitoso: user se ha autenticado correctamente
2025-06-30 13:42:34 Nueva solicitud: GET /api/patients/search?last_name=adriana
2025-06-30 13:42:41 Nueva solicitud: GET /api/patients/search?last_name=ADRIANA
2025-06-30 13:42:52 Nueva solicitud: GET /api/patients/search?last_name=Adriana
2025-06-30 13:43:01 Nueva solicitud: GET /api/patients/search?first_name=Adriana
2025-06-30 13:43:01 Búsqueda de paciente realizada con éxito: {"first_name":"Adriana"}
2025-06-30 13:50:01 Backend running on http://localhost:5000
2025-06-30 13:50:01 Nueva solicitud: POST /api/login
2025-06-30 13:50:02 Login exitoso: user se ha autenticado correctamente
2025-06-30 13:56:41 Backend running on http://localhost:5000
2025-06-30 13:57:15 Nueva solicitud: GET /api/patients/search?first_name=adriana
2025-06-30 13:58:26 Nueva solicitud: GET /api/patients/search?q=adriana
2025-06-30 13:58:26 Búsqueda de paciente realizada con éxito: "adriana"
2025-06-30 13:58:26 Nueva solicitud: GET /favicon.ico
2025-06-30 13:58:26 Ruta no encontrada: GET /favicon.ico
2025-06-30 13:58:38 Nueva solicitud: GET /api/patients/search?q=130130130
2025-06-30 13:58:38 Nueva solicitud: GET /favicon.ico
2025-06-30 13:58:38 Ruta no encontrada: GET /favicon.ico
2025-06-30 13:58:41 Nueva solicitud: GET /favicon.ico
2025-06-30 13:58:41 Ruta no encontrada: GET /favicon.ico
2025-06-30 13:58:48 Nueva solicitud: GET /api/patients/search?q=120120
2025-06-30 13:58:48 Búsqueda de paciente realizada con éxito: "120120"
2025-06-30 13:58:48 Nueva solicitud: GET /favicon.ico
2025-06-30 13:58:48 Ruta no encontrada: GET /favicon.ico
2025-06-30 14:00:01 Backend running on http://localhost:5000
2025-06-30 14:00:15 Nueva solicitud: GET /api/patients/search?q=120120
2025-06-30 14:00:15 Búsqueda de paciente realizada con éxito: "120120"
2025-06-30 14:00:20 Nueva solicitud: GET /api/patients/search?q=adriana
2025-06-30 14:00:21 Búsqueda de paciente realizada con éxito: "adriana"
2025-06-30 14:00:25 Nueva solicitud: GET /api/patients/search?q=doe
2025-06-30 14:00:25 Búsqueda de paciente realizada con éxito: "doe"
2025-06-30 14:03:10 Nueva solicitud: GET /api/patients/search?q=mary
2025-06-30 14:03:10 Búsqueda de paciente realizada con éxito: "mary"
2025-06-30 14:03:17 Nueva solicitud: GET /api/patients/search?q=duenas
2025-06-30 14:12:41 Backend running on http://localhost:5000
2025-06-30 14:12:42 Nueva solicitud: GET /api/patients/search?q=narea
2025-06-30 14:12:44 Nueva solicitud: GET /api/patients/search?q=narea
2025-06-30 14:12:51 Nueva solicitud: GET /api/patients/search?q=adriana
2025-06-30 14:12:51 Búsqueda de paciente realizada con éxito: "adriana"
2025-06-30 14:39:21 Backend running on http://localhost:5000
2025-06-30 14:43:34 Nueva solicitud: GET /api/icd10
2025-06-30 14:43:34 Solicitud de ICD10 exitosa [object Object]
2025-06-30 14:43:38 Nueva solicitud: GET /api/patients/search?q=adriana
2025-06-30 14:43:39 Búsqueda de paciente realizada con éxito: "adriana"
2025-06-30 14:49:03 Backend running on http://localhost:5000
2025-06-30 14:49:03 Nueva solicitud: GET /api/patients/search?q=adriana
2025-06-30 14:49:04 Nueva solicitud: GET /api/patients/search?q=adriana
2025-06-30 14:49:04 Búsqueda de paciente realizada con éxito: "adriana"
2025-06-30 14:49:04 Búsqueda de paciente realizada con éxito: "adriana"
2025-06-30 14:50:42 Nueva solicitud: GET /api/patients/search?q=adriana
2025-06-30 14:50:43 Búsqueda de paciente realizada con éxito: "adriana"
2025-06-30 14:51:13 Nueva solicitud: POST /api/consultations/register
2025-06-30 14:51:13 Registro de paciente erroneo error: insert or update on table "consultations" violates foreign key constraint "consultations_icd10_id_fkey"
2025-06-30 14:52:05 Nueva solicitud: POST /api/consultations/register
2025-06-30 14:52:05 Registro de paciente exitoso [object Object]
2025-06-30 14:52:24 Nueva solicitud: GET /api/icd10
2025-06-30 14:52:24 Nueva solicitud: GET /api/icd10
2025-06-30 14:52:24 Solicitud de ICD10 exitosa [object Object]
2025-06-30 14:52:25 Solicitud de ICD10 exitosa [object Object]
2025-06-30 14:52:28 Nueva solicitud: GET /api/patients/search?q=doe
2025-06-30 14:52:28 Búsqueda de paciente realizada con éxito: "doe"
2025-06-30 15:03:23 Backend running on http://localhost:5000
2025-06-30 15:03:23 Nueva solicitud: GET /api/patients/search?q=doe
2025-06-30 15:03:23 Nueva solicitud: GET /api/patients/search?q=doe
2025-06-30 15:03:24 Búsqueda de paciente realizada con éxito: "doe"
2025-06-30 15:03:24 Búsqueda de paciente realizada con éxito: "doe"
2025-06-30 15:11:19 Backend running on http://localhost:5000
2025-06-30 15:11:28 Nueva solicitud: GET /api/patients/search?q=doe
2025-06-30 15:11:28 Búsqueda de paciente realizada con éxito: "doe"
2025-06-30 15:16:32 Nueva solicitud: POST /api/consultations/register
2025-06-30 15:16:32 Registro de paciente erroneo error: column "diagnosis" of relation "consultations" does not exist
2025-06-30 15:16:46 Nueva solicitud: POST /api/consultations/register
2025-06-30 15:16:46 Registro de paciente erroneo error: column "diagnosis" of relation "consultations" does not exist
2025-06-30 15:40:39 Backend running on http://localhost:5000
2025-06-30 15:41:08 Nueva solicitud: POST /api/consultations/register
2025-06-30 15:41:08 Registro de paciente erroneo error: column "is_final_diagnosis" of relation "consultations" does not exist
2025-06-30 15:50:59 Backend running on http://localhost:5000
2025-06-30 15:53:06 Nueva solicitud: POST /api/consultations/register
2025-06-30 15:57:06 Registro de paciente erroneo error: column "is_final_diagnosis" of relation "consultations" does not exist
2025-06-30 15:57:06 Nueva solicitud: GET /api/icd10
2025-06-30 15:57:06 Nueva solicitud: GET /api/patients/search?q=adrian
2025-06-30 15:57:06 Solicitud de ICD10 exitosa [object Object]
2025-06-30 15:57:06 Búsqueda de paciente realizada con éxito: "adrian"
2025-06-30 15:57:32 Nueva solicitud: POST /api/consultations/register
2025-06-30 15:57:36 Registro de paciente erroneo error: column "is_final_diagnosis" of relation "consultations" does not exist
2025-06-30 15:58:33 Backend running on http://localhost:5000
2025-06-30 15:58:42 Nueva solicitud: POST /api/consultations/register
2025-06-30 15:58:47 Registro de paciente exitoso [object Object]
2025-06-30 16:06:50 Backend running on http://localhost:5000
2025-06-30 16:17:26 Backend running on http://localhost:5000
2025-06-30 16:17:27 Nueva solicitud: POST /api/login
2025-06-30 16:17:27 Nueva solicitud: POST /api/login
2025-06-30 16:17:28 Login exitoso: user se ha autenticado correctamente
2025-06-30 16:17:28 Login exitoso: user se ha autenticado correctamente
2025-06-30 16:24:22 Backend running on http://localhost:5000
2025-06-30 16:25:00 Nueva solicitud: POST /api/patients
2025-06-30 16:25:00 Ruta no encontrada: POST /api/patients
2025-06-30 16:25:34 Nueva solicitud: POST /api/patients/create
2025-06-30 16:25:34 Nuevo paciente registrado: Joel Mora (11223344)
2025-06-30 16:27:10 Nueva solicitud: POST /api/patients/create
2025-06-30 16:27:10 Nuevo paciente registrado: Paulo Londra (120120)
2025-06-30 16:38:06 Backend running on http://localhost:5000
2025-06-30 16:38:13 Backend running on http://localhost:5000
2025-06-30 16:42:06 Backend running on http://localhost:5000
2025-06-30 16:43:00 Backend running on http://localhost:5000
2025-06-30 16:43:31 Backend running on http://localhost:5000
2025-06-30 16:45:06 Backend running on http://localhost:5000
2025-06-30 16:46:13 Backend running on http://localhost:5000
2025-06-30 16:48:11 Backend running on http://localhost:5000
2025-06-30 16:48:36 Nueva solicitud: GET /api/api/consultations/history?patient_id=1
2025-06-30 16:48:36 Ruta no encontrada: GET /api/api/consultations/history?patient_id=1
2025-06-30 16:49:19 Backend running on http://localhost:5000
2025-06-30 16:49:23 Nueva solicitud: GET /api/api/consultations/history?patient_id=3
2025-06-30 16:49:23 Ruta no encontrada: GET /api/api/consultations/history?patient_id=3
2025-06-30 16:49:38 Backend running on http://localhost:5000
2025-06-30 16:49:43 Nueva solicitud: GET /api/api/consultations/history?patient_id=3
2025-06-30 16:49:43 Ruta no encontrada: GET /api/api/consultations/history?patient_id=3
2025-06-30 16:49:50 Nueva solicitud: GET /api/api/consultations/history?patient_id=3
2025-06-30 16:49:50 Ruta no encontrada: GET /api/api/consultations/history?patient_id=3
2025-06-30 16:49:58 Nueva solicitud: GET /api/api/consultations/history?patient_id=3
2025-06-30 16:49:58 Ruta no encontrada: GET /api/api/consultations/history?patient_id=3
2025-06-30 16:51:23 Backend running on http://localhost:5000
2025-06-30 16:51:31 Nueva solicitud: GET /api/api/consultations/history?patient_id=3
2025-06-30 16:51:31 Ruta no encontrada: GET /api/api/consultations/history?patient_id=3
2025-06-30 16:57:17 Backend running on http://localhost:5000
2025-06-30 16:57:21 Backend running on http://localhost:5000
2025-06-30 16:57:35 Nueva solicitud: GET /api/consultations/history?patient_id=3
2025-06-30 16:57:35 Historial médico recuperado para el paciente ID 3
2025-06-30 17:04:47 Backend running on http://localhost:5000
2025-06-30 17:04:54 Nueva solicitud: GET /api/patients/all
2025-06-30 17:09:36 Backend running on http://localhost:5000
2025-06-30 17:12:08 Backend running on http://localhost:5000
2025-06-30 17:12:40 Nueva solicitud: GET /api/icd10
2025-06-30 17:12:40 Nueva solicitud: GET /api/icd10
2025-06-30 17:12:41 Solicitud de ICD10 exitosa [object Object]
2025-06-30 17:12:41 Solicitud de ICD10 exitosa [object Object]
2025-06-30 17:12:45 Nueva solicitud: GET /api/patients/search?q=adrian
2025-06-30 17:12:45 Búsqueda de paciente realizada con éxito: "adrian"
2025-06-30 17:13:19 Nueva solicitud: GET /api/patients/all
2025-06-30 17:15:21 Nueva solicitud: GET /api/patients/all
2025-06-30 17:15:21 Nueva solicitud: GET /api/patients/all
2025-06-30 17:17:18 Nueva solicitud: GET /api/patients/all
2025-06-30 17:17:22 Nueva solicitud: GET /api/consultations/history?patient_id=3
2025-06-30 17:17:23 Historial médico recuperado para el paciente ID 3
2025-06-30 17:20:49 Nueva solicitud: GET /api/patients/all
2025-06-30 17:20:49 Nueva solicitud: GET /api/patients/all
2025-06-30 17:20:52 Nueva solicitud: GET /api/consultations/history?patient_id=3
2025-06-30 17:20:52 Historial médico recuperado para el paciente ID 3
2025-06-30 17:23:04 Nueva solicitud: POST /api/login
2025-06-30 17:23:04 Login exitoso: user se ha autenticado correctamente
2025-06-30 17:23:07 Nueva solicitud: GET /api/patients/all
2025-06-30 17:23:07 Nueva solicitud: GET /api/patients/all
2025-06-30 17:23:10 Nueva solicitud: GET /api/consultations/history?patient_id=3
2025-06-30 17:23:10 Historial médico recuperado para el paciente ID 3
2025-06-30 17:35:12 Backend running on http://localhost:5000
2025-06-30 17:35:13 Nueva solicitud: GET /api/patients/all
2025-06-30 17:35:14 Nueva solicitud: GET /api/patients/all
2025-06-30 17:35:14 Nueva solicitud: GET /api/patients/all
2025-06-30 17:35:17 Nueva solicitud: GET /api/consultations/history?patient_id=3
2025-06-30 17:35:17 Historial médico recuperado para el paciente ID 3
2025-06-30 17:37:41 Nueva solicitud: GET /api/patients/all
2025-06-30 17:37:41 Nueva solicitud: GET /api/patients/all
2025-06-30 17:37:45 Nueva solicitud: GET /api/consultations/history?patient_id=1
2025-06-30 17:37:45 Historial médico recuperado para el paciente ID 1
2025-06-30 17:53:00 Backend running on http://localhost:5000
2025-06-30 17:53:01 Nueva solicitud: POST /api/login
2025-06-30 17:53:02 Login exitoso: user se ha autenticado correctamente
2025-06-30 17:53:21 Nueva solicitud: GET /api/icd10
2025-06-30 17:53:21 Solicitud de ICD10 exitosa [object Object]
2025-06-30 17:53:23 Nueva solicitud: GET /api/icd10
2025-06-30 17:53:23 Nueva solicitud: GET /api/icd10
2025-06-30 17:53:24 Solicitud de ICD10 exitosa [object Object]
2025-06-30 17:53:24 Solicitud de ICD10 exitosa [object Object]
2025-06-30 17:53:29 Nueva solicitud: GET /api/patients/search?q=adrian
2025-06-30 17:53:29 Búsqueda de paciente realizada con éxito: "adrian"
